\BOOKMARK [0][-]{chapter.1}{Anforderungen des Kunden}{}
\BOOKMARK [1][-]{section.1.1}{Systemvoraussetzungen}{chapter.1}
\BOOKMARK [1][-]{section.1.2}{Zielgruppe}{chapter.1}
\BOOKMARK [0][-]{chapter.2}{Lastenheft}{}
\BOOKMARK [1][-]{section.2.1}{Zielbestimmung}{chapter.2}
\BOOKMARK [1][-]{section.2.2}{Produkteinsatz}{chapter.2}
\BOOKMARK [1][-]{section.2.3}{Produktfunktionen}{chapter.2}
\BOOKMARK [1][-]{section.2.4}{Produktdaten}{chapter.2}
\BOOKMARK [1][-]{section.2.5}{Produktleistungen}{chapter.2}
\BOOKMARK [1][-]{section.2.6}{Qualit\344tsanforderungen}{chapter.2}
\BOOKMARK [1][-]{section.2.7}{Erg\344nzungen}{chapter.2}
\BOOKMARK [0][-]{chapter.3}{Aufwandskalkulation}{}
\BOOKMARK [1][-]{section.3.1}{Function-Point-Analyse}{chapter.3}
\BOOKMARK [1][-]{section.3.2}{}{chapter.3}
\BOOKMARK [0][-]{chapter.4}{Use Case Diagramme}{}
\BOOKMARK [1][-]{section.4.1}{}{chapter.4}
\BOOKMARK [1][-]{section.4.2}{}{chapter.4}
\BOOKMARK [0][-]{chapter.5}{Use Case Beschreibungen}{}
\BOOKMARK [1][-]{section.5.1}{}{chapter.5}
\BOOKMARK [1][-]{section.5.2}{}{chapter.5}
\BOOKMARK [0][-]{chapter.6}{Projektplan}{}
\BOOKMARK [1][-]{section.6.1}{}{chapter.6}
\BOOKMARK [1][-]{section.6.2}{}{chapter.6}
\BOOKMARK [0][-]{chapter.7}{Klassendiagramm}{}
\BOOKMARK [1][-]{section.7.1}{}{chapter.7}
\BOOKMARK [1][-]{section.7.2}{}{chapter.7}
\BOOKMARK [0][-]{chapter.8}{Sequenzdiagramme}{}
\BOOKMARK [1][-]{section.8.1}{}{chapter.8}
\BOOKMARK [1][-]{section.8.2}{}{chapter.8}
\BOOKMARK [0][-]{chapter.9}{Implementierung}{}
\BOOKMARK [1][-]{section.9.1}{}{chapter.9}
\BOOKMARK [1][-]{section.9.2}{}{chapter.9}
